<?xml version="1.0" encoding="UTF-8"?>
<testng-results skipped="0" failed="0" ignored="0" total="1" passed="1">
  <reporter-output>
  </reporter-output>
  <suite name="Suite" duration-ms="18713" started-at="2020-09-10T23:06:45 IST" finished-at="2020-09-10T23:07:03 IST">
    <groups>
    </groups>
    <test name="Test" duration-ms="18713" started-at="2020-09-10T23:06:45 IST" finished-at="2020-09-10T23:07:03 IST">
      <class name="pipepine.pipepine.Practice">
        <test-method status="PASS" signature="setUp()[pri:0, instance:pipepine.pipepine.Practice@5c7fa833]" name="setUp" is-config="true" duration-ms="9367" started-at="2020-09-10T23:06:45 IST" finished-at="2020-09-10T23:06:54 IST">
          <reporter-output>
          </reporter-output>
        </test-method> <!-- setUp -->
        <test-method status="PASS" signature="testUntitledTestCase()[pri:0, instance:pipepine.pipepine.Practice@5c7fa833]" name="testUntitledTestCase" duration-ms="8236" started-at="2020-09-10T23:06:54 IST" finished-at="2020-09-10T23:07:02 IST">
          <reporter-output>
          </reporter-output>
        </test-method> <!-- testUntitledTestCase -->
        <test-method status="PASS" signature="tearDown()[pri:0, instance:pipepine.pipepine.Practice@5c7fa833]" name="tearDown" is-config="true" duration-ms="1029" started-at="2020-09-10T23:07:02 IST" finished-at="2020-09-10T23:07:03 IST">
          <reporter-output>
          </reporter-output>
        </test-method> <!-- tearDown -->
      </class> <!-- pipepine.pipepine.Practice -->
    </test> <!-- Test -->
  </suite> <!-- Suite -->
</testng-results>
