<?xml version="1.0" encoding="UTF-8"?>
<testng-results skipped="0" failed="0" ignored="0" total="1" passed="1">
  <reporter-output>
  </reporter-output>
  <suite name="Suite" duration-ms="35703" started-at="2020-09-10T22:39:49 IST" finished-at="2020-09-10T22:40:25 IST">
    <groups>
    </groups>
    <test name="Test" duration-ms="35703" started-at="2020-09-10T22:39:49 IST" finished-at="2020-09-10T22:40:25 IST">
      <class name="pipepine.pipepine.Practice">
        <test-method status="PASS" signature="setUp()[pri:0, instance:pipepine.pipepine.Practice@4f063c0a]" name="setUp" is-config="true" duration-ms="17375" started-at="2020-09-10T22:39:49 IST" finished-at="2020-09-10T22:40:06 IST">
          <reporter-output>
          </reporter-output>
        </test-method> <!-- setUp -->
        <test-method status="PASS" signature="testUntitledTestCase()[pri:0, instance:pipepine.pipepine.Practice@4f063c0a]" name="testUntitledTestCase" duration-ms="17130" started-at="2020-09-10T22:40:06 IST" finished-at="2020-09-10T22:40:24 IST">
          <reporter-output>
          </reporter-output>
        </test-method> <!-- testUntitledTestCase -->
        <test-method status="PASS" signature="tearDown()[pri:0, instance:pipepine.pipepine.Practice@4f063c0a]" name="tearDown" is-config="true" duration-ms="1087" started-at="2020-09-10T22:40:24 IST" finished-at="2020-09-10T22:40:25 IST">
          <reporter-output>
          </reporter-output>
        </test-method> <!-- tearDown -->
      </class> <!-- pipepine.pipepine.Practice -->
    </test> <!-- Test -->
  </suite> <!-- Suite -->
</testng-results>
